<?xml version="1.0" encoding="UTF-8"?>
<!-- Generated by org.testng.reporters.JUnitXMLReporter -->
<testsuite ignored="1" hostname="OmNamahShivay" failures="0" tests="30" name="End_To_End" time="0.246" errors="0" timestamp="2024-02-17T19:46:36 IST">
  <testcase classname="Startup.BeforeAfterSuit" name="Ketan" time="0.011"/>
  <testcase classname="Startup.BeforeAfterSuit" name="Rohit" time="0.003"/>
  <testcase classname="Startup.BeforeAfterSuit" name="SetUp" time="0.004"/>
  <testcase classname="Startup.Description" name="LogIn" time="0.002"/>
  <testcase classname="Startup.Description" name="Rohit" time="0.002"/>
  <testcase classname="Startup.Description" name="SetUp" time="0.003"/>
  <testcase classname="Startup.Description" name="Ketan" time="0.002"/>
  <testcase classname="Startup.Description" name="LogOut" time="0.002"/>
  <testcase classname="Startup.Before_After" name="Ketan" time="0.003"/>
  <testcase classname="Startup.Before_After" name="Rohit" time="0.002"/>
  <testcase classname="Startup.Before_After" name="SetUp" time="0.002"/>
  <testcase classname="Startup.Enabled_" name="LogIn" time="0.002"/>
  <testcase classname="Startup.Enabled_" name="Rohit" time="0.003"/>
  <testcase classname="Startup.Enabled_" name="SetUp" time="0.001"/>
  <testcase classname="Startup.Enabled_" name="LogOut" time="0.002"/>
  <testcase classname="Startup.Priority_" name="LogIn" time="0.003"/>
  <testcase classname="Startup.Priority_" name="Rohit" time="0.002"/>
  <testcase classname="Startup.Priority_" name="SetUp" time="0.003"/>
  <testcase classname="Startup.Priority_" name="Ketan" time="0.002"/>
  <testcase classname="Startup.Priority_" name="LogOut" time="0.003"/>
  <testcase classname="Startup.BeforeAfterTest" name="Ketan" time="0.002"/>
  <testcase classname="Startup.BeforeAfterTest" name="Rohit" time="0.002"/>
  <testcase classname="Startup.BeforeAfterTest" name="SetUp" time="0.003"/>
  <testcase classname="Startup.NewTest" name="Ketan" time="0.002"/>
  <testcase classname="Startup.NewTest" name="Moshin" time="0.001"/>
  <testcase classname="Startup.NewTest" name="Shivangi" time="0.001"/>
  <testcase classname="Startup.NewTest" name="Vishwa" time="0.001"/>
  <testcase classname="Startup.BeforeAfterClass" name="Ketan" time="0.001"/>
  <testcase classname="Startup.BeforeAfterClass" name="Rohit" time="0.002"/>
  <testcase classname="Startup.BeforeAfterClass" name="SetUp" time="0.002"/>
  <testcase classname="Startup.Enabled_" name="Ketan" time="0.0">
    <ignored/>
  </testcase> <!-- Ketan -->
</testsuite> <!-- End_To_End -->
