<?xml version="1.0" encoding="UTF-8"?>
<testng-results ignored="0" total="1" passed="1" failed="0" skipped="0">
  <reporter-output>
  </reporter-output>
  <suite started-at="2024-02-27T20:52:51 IST" name="Default suite" finished-at="2024-02-27T20:53:07 IST" duration-ms="16627">
    <groups>
    </groups>
    <test started-at="2024-02-27T20:52:51 IST" name="Default test" finished-at="2024-02-27T20:53:07 IST" duration-ms="16627">
      <class name="script.LogIn2_Script">
        <test-method is-config="true" signature="Launch()[pri:0, instance:script.LogIn2_Script@4c371370]" started-at="2024-02-27T20:52:51 IST" name="Launch" finished-at="2024-02-27T20:53:04 IST" duration-ms="13285" status="PASS">
          <reporter-output>
          </reporter-output>
        </test-method> <!-- Launch -->
        <test-method signature="LoggedIn_Scrp()[pri:0, instance:script.LogIn2_Script@4c371370]" started-at="2024-02-27T20:53:04 IST" name="LoggedIn_Scrp" finished-at="2024-02-27T20:53:07 IST" duration-ms="3282" status="PASS">
          <reporter-output>
          </reporter-output>
        </test-method> <!-- LoggedIn_Scrp -->
      </class> <!-- script.LogIn2_Script -->
    </test> <!-- Default test -->
  </suite> <!-- Default suite -->
</testng-results>
